2025-09-20 02:55:20,554 :[app] [APP: Startup] Startup began...
2025-09-20 02:55:20,554 :[app] [APP: Startup] Startup began...
2025-09-20 02:55:20,554 :[app] [APP: Startup] Startup began...
2025-09-20 02:55:20,555 :[app] [APP: Startup] Startup began...
2025-09-20 02:55:20,916 :[app] [APP: Startup] Startup finished!
2025-09-20 02:55:20,916 :[app] [APP: Startup] Startup finished!
2025-09-20 02:55:20,916 :[app] [APP: Startup] Startup finished!
2025-09-20 02:55:20,916 :[app] [APP: Startup] Startup finished!
2025-09-20 02:59:31,240 :[app] [CACHE: USERS] Invalidating cache for user id=14
2025-09-20 02:59:31,240 :[app] [CACHE: USERS] Caching user id=14, username=josh3
2025-09-20 03:01:54,468 :[app] [APP: Startup] Startup began...
2025-09-20 03:01:54,468 :[app] [APP: Startup] Startup began...
2025-09-20 03:01:54,469 :[app] [APP: Startup] Startup began...
2025-09-20 03:01:54,469 :[app] [APP: Startup] Startup began...
2025-09-20 03:01:54,847 :[app] [APP: Startup] Startup finished!
2025-09-20 03:01:54,847 :[app] [APP: Startup] Startup finished!
2025-09-20 03:01:54,847 :[app] [APP: Startup] Startup finished!
2025-09-20 03:01:54,847 :[app] [APP: Startup] Startup finished!
2025-09-20 03:03:39,789 :[app] [CACHE: USERS] Invalidating cache for user id=14
2025-09-20 03:03:39,808 :[app] [CACHE: USERS] Caching user id=14, username=josh4
2025-09-20 03:11:43,331 :[app] [APP: Startup] Startup began...
2025-09-20 03:11:43,344 :[app] [APP: Startup] Startup began...
2025-09-20 03:11:43,352 :[app] [APP: Startup] Startup began...
2025-09-20 03:11:43,353 :[app] [APP: Startup] Startup began...
2025-09-20 03:12:03,484 :[app] [APP: Startup] Startup finished!
2025-09-20 03:12:03,484 :[app] [APP: Startup] Startup finished!
2025-09-20 03:12:03,484 :[app] [APP: Startup] Startup finished!
2025-09-20 03:12:03,484 :[app] [APP: Startup] Startup finished!
2025-09-20 03:12:15,847 :[app] [CACHE: USERS] Invalidating cache for user id=14
2025-09-20 03:12:15,847 :[app] [CACHE: USERS] Caching user id=14, username=josh5
2025-09-20 03:12:53,863 :[app] [CACHE: USERS] Invalidating cache for user id=14
2025-09-20 03:12:53,928 :[app] [CACHE: USERS] Caching user id=14, username=josh6
2025-09-20 03:27:15,633 :[app] [APP: Startup] Startup began...
2025-09-20 03:27:15,633 :[app] [APP: Startup] Startup began...
2025-09-20 03:27:15,633 :[app] [APP: Startup] Startup began...
2025-09-20 03:27:15,634 :[app] [APP: Startup] Startup began...
2025-09-20 03:27:20,546 :[app] [APP: Startup] Startup began...
2025-09-20 03:27:20,638 :[app] [APP: Startup] Startup began...
2025-09-20 03:27:20,685 :[app] [APP: Startup] Startup began...
2025-09-20 03:27:24,900 :[app] [APP: Startup] Startup began...
2025-09-20 03:27:24,933 :[app] [APP: Startup] Startup began...
2025-09-20 03:27:24,940 :[app] [APP: Startup] Startup began...
2025-09-20 03:27:25,043 :[app] [APP: Startup] Startup began...
2025-09-20 03:27:29,247 :[app] [APP: Startup] Startup began...
2025-09-20 03:27:29,464 :[app] [APP: Startup] Startup began...
2025-09-20 03:27:33,579 :[app] [APP: Startup] Startup began...
2025-09-20 03:27:33,600 :[app] [APP: Startup] Startup began...
2025-09-20 03:27:33,657 :[app] [APP: Startup] Startup began...
2025-09-20 03:27:33,754 :[app] [APP: Startup] Startup began...
2025-09-20 03:27:38,810 :[app] [APP: Startup] Startup began...
2025-09-20 03:27:38,817 :[app] [APP: Startup] Startup began...
2025-09-20 03:27:39,038 :[app] [APP: Startup] Startup began...
2025-09-20 03:27:39,040 :[app] [APP: Startup] Startup began...
2025-09-20 03:27:45,177 :[app] [APP: Startup] Startup began...
2025-09-20 03:27:45,293 :[app] [APP: Startup] Startup began...
2025-09-20 03:27:45,468 :[app] [APP: Startup] Startup began...
2025-09-20 03:27:55,052 :[app] [APP: Startup] Startup began...
2025-09-20 03:27:55,063 :[app] [APP: Startup] Startup began...
2025-09-20 03:27:55,228 :[app] [APP: Startup] Startup began...
2025-09-20 03:27:55,305 :[app] [APP: Startup] Startup began...
2025-09-20 03:28:22,476 :[app] [APP: Startup] Startup began...
2025-09-20 03:28:22,646 :[app] [APP: Startup] Startup began...
2025-09-20 03:28:22,674 :[app] [APP: Startup] Startup began...
2025-09-20 03:28:22,725 :[app] [APP: Startup] Startup began...
2025-09-20 03:28:32,544 :[app] [APP: Startup] Startup finished!
2025-09-20 03:28:32,662 :[app] [APP: Startup] Startup finished!
2025-09-20 03:28:32,693 :[app] [APP: Startup] Startup finished!
2025-09-20 03:28:32,750 :[app] [APP: Startup] Startup finished!
2025-09-20 03:28:49,730 :[app] [CACHE: USERS] Caching user id=14, username=josh6
2025-09-20 03:28:49,977 :[app] [CACHE: USERS] Invalidating cache for user id=14
2025-09-20 03:28:49,978 :[app] [CACHE: USERS] Caching user id=14, username=josh
2025-09-20 03:29:24,672 :[app] [CACHE: USERS] Invalidating cache for user id=14
2025-09-20 03:29:24,688 :[app] [CACHE: USERS] Caching user id=14, username=josh2
2025-09-20 03:35:58,892 :[app] [APP: Startup] Startup began...
2025-09-20 03:35:59,019 :[app] [APP: Startup] Startup began...
2025-09-20 03:35:59,022 :[app] [APP: Startup] Startup began...
2025-09-20 03:35:59,130 :[app] [APP: Startup] Startup began...
2025-09-20 03:36:08,928 :[app] [APP: Startup] Startup finished!
2025-09-20 03:36:09,047 :[app] [APP: Startup] Startup finished!
2025-09-20 03:36:09,047 :[app] [APP: Startup] Startup finished!
2025-09-20 03:36:09,154 :[app] [APP: Startup] Startup finished!
2025-09-20 03:36:24,412 :[app] [CACHE: USERS] Caching user id=14, username=josh2
2025-09-20 03:36:24,630 :[app] [CACHE: USERS] Invalidating cache for user id=14
2025-09-20 03:36:24,631 :[app] [CACHE: USERS] Caching user id=14, username=josh
2025-09-20 03:37:28,657 :[app] [CACHE: USERS] Invalidating cache for user id=14
2025-09-20 03:37:28,692 :[app] [CACHE: USERS] Caching user id=14, username=josh2
2025-09-20 03:37:56,352 :[app] [CACHE: USERS] Invalidating cache for user id=14
2025-09-20 03:37:56,392 :[app] [CACHE: USERS] Caching user id=14, username=josh5
2025-09-20 03:39:41,279 :[app] [APP: Startup] Startup began...
2025-09-20 03:39:41,348 :[app] [APP: Startup] Startup began...
2025-09-20 03:39:41,427 :[app] [APP: Startup] Startup began...
2025-09-20 03:39:41,528 :[app] [APP: Startup] Startup began...
2025-09-20 03:39:51,311 :[app] [APP: Startup] Startup finished!
2025-09-20 03:39:51,373 :[app] [APP: Startup] Startup finished!
2025-09-20 03:39:51,449 :[app] [APP: Startup] Startup finished!
2025-09-20 03:39:51,552 :[app] [APP: Startup] Startup finished!
2025-09-20 03:40:07,518 :[app] [CACHE: USERS] Invalidating cache for user id=14
2025-09-20 03:40:07,533 :[app] [CACHE: USERS] Caching user id=14, username=josh2
2025-09-20 03:51:09,598 :[app] [APP: Startup] Startup began...
2025-09-20 03:51:09,598 :[app] [APP: Startup] Startup began...
2025-09-20 03:51:09,598 :[app] [APP: Startup] Startup began...
2025-09-20 03:51:09,598 :[app] [APP: Startup] Startup began...
2025-09-20 03:51:09,944 :[app] [APP: Startup] Startup finished!
2025-09-20 03:51:09,944 :[app] [APP: Startup] Startup finished!
2025-09-20 03:51:09,944 :[app] [APP: Startup] Startup finished!
2025-09-20 03:51:09,944 :[app] [APP: Startup] Startup finished!
2025-09-20 03:51:25,749 :[app] [CACHE: USERS] Caching user id=14, username=josh2
2025-09-20 03:51:25,980 :[app] [CACHE: USERS] Invalidating cache for user id=14
2025-09-20 03:51:25,981 :[app] [CACHE: USERS] Caching user id=14, username=josh3
2025-09-20 04:07:32,708 :[app] [APP: Startup] Startup began...
2025-09-20 04:07:32,708 :[app] [APP: Startup] Startup began...
2025-09-20 04:07:32,708 :[app] [APP: Startup] Startup began...
2025-09-20 04:07:32,708 :[app] [APP: Startup] Startup began...
2025-09-20 04:07:32,986 :[app] [APP: Startup] Startup finished!
2025-09-20 04:07:32,986 :[app] [APP: Startup] Startup finished!
2025-09-20 04:07:32,986 :[app] [APP: Startup] Startup finished!
2025-09-20 04:07:32,986 :[app] [APP: Startup] Startup finished!
2025-09-20 04:12:14,873 :[app] [APP: Startup] Startup began...
2025-09-20 04:12:14,873 :[app] [APP: Startup] Startup began...
2025-09-20 04:12:14,873 :[app] [APP: Startup] Startup began...
2025-09-20 04:12:14,873 :[app] [APP: Startup] Startup began...
2025-09-20 04:12:15,001 :[app] [APP: Startup] Startup finished!
2025-09-20 04:12:15,001 :[app] [APP: Startup] Startup finished!
2025-09-20 04:12:15,001 :[app] [APP: Startup] Startup finished!
2025-09-20 04:12:15,001 :[app] [APP: Startup] Startup finished!
2025-09-20 04:13:37,067 :[app] [APP: Startup] Startup began...
2025-09-20 04:13:37,176 :[app] [APP: Startup] Startup began...
2025-09-20 04:13:37,206 :[app] [APP: Startup] Startup began...
2025-09-20 04:13:37,207 :[app] [APP: Startup] Startup began...
2025-09-20 04:13:47,156 :[app] [APP: Startup] Startup finished!
2025-09-20 04:13:47,222 :[app] [APP: Startup] Startup finished!
2025-09-20 04:13:47,240 :[app] [APP: Startup] Startup finished!
2025-09-20 04:13:47,245 :[app] [APP: Startup] Startup finished!
2025-09-20 04:14:52,807 :[app] [APP: Startup] Startup began...
2025-09-20 04:14:52,854 :[app] [APP: Startup] Startup began...
2025-09-20 04:14:52,948 :[app] [APP: Startup] Startup began...
2025-09-20 04:14:52,951 :[app] [APP: Startup] Startup began...
2025-09-20 04:15:02,848 :[app] [APP: Startup] Startup finished!
2025-09-20 04:15:02,875 :[app] [APP: Startup] Startup finished!
2025-09-20 04:15:02,967 :[app] [APP: Startup] Startup finished!
2025-09-20 04:15:02,975 :[app] [APP: Startup] Startup finished!
2025-09-20 04:18:20,898 :[app] [APP: Startup] Startup began...
2025-09-20 04:18:20,920 :[app] [APP: Startup] Startup began...
2025-09-20 04:18:20,931 :[app] [APP: Startup] Startup began...
2025-09-20 04:18:21,030 :[app] [APP: Startup] Startup began...
2025-09-20 04:18:30,945 :[app] [APP: Startup] Startup finished!
2025-09-20 04:18:30,949 :[app] [APP: Startup] Startup finished!
2025-09-20 04:18:30,956 :[app] [APP: Startup] Startup finished!
2025-09-20 04:18:31,056 :[app] [APP: Startup] Startup finished!
2025-09-22 18:27:34,828 :[app] [APP: Startup] Startup began...
2025-09-22 18:27:34,828 :[app] [APP: Startup] Startup began...
2025-09-22 18:27:34,828 :[app] [APP: Startup] Startup began...
2025-09-22 18:27:34,828 :[app] [APP: Startup] Startup began...
2025-09-22 18:27:36,716 :[app] [APP: Startup] Startup finished!
2025-09-22 18:27:36,716 :[app] [APP: Startup] Startup finished!
2025-09-22 18:27:36,716 :[app] [APP: Startup] Startup finished!
2025-09-22 18:27:36,716 :[app] [APP: Startup] Startup finished!
